C51 COMPILER V9.54   MAIN                                                                  02/09/2020 15:54:42 PAGE 1   


C51 COMPILER V9.54, COMPILATION OF MODULE MAIN
OBJECT MODULE PLACED IN .\Objects\main.obj
COMPILER INVOKED BY: D:\Study\mdk.5.24a\C51\BIN\C51.EXE main.c OPTIMIZE(8,SPEED) BROWSE DEBUG OBJECTEXTEND PRINT(.\Listi
                    -ngs\main.lst) TABS(2) OBJECT(.\Objects\main.obj)

line level    source

   1          #include<reg51.h>
   2          #include<intrins.h>
   3          
   4          #define uint unsigned int
   5          #define uchar unsigned char
   6            
   7          sbit DU = P2^6;//段选
   8          sbit WE = P2^7;//位选
   9          uchar mSec,Sec;
  10          
  11          
  12          uchar code SMGduan[]=
  13          { 0x3f,0x06,0x5b,0x4f,
  14            0x66,0x6d,0x7d,0x07,
  15            0x7f,0x6f,0x77,0x7c,
  16            0x39,0x5e,0x79,0x71
  17          };
  18          //数码管段选
  19          uchar code SMGwei[]=
  20          {
  21            0xFE,0xFD,0xFB
  22          };
  23          //数码管位选
  24          
  25          void display(uchar i)
  26          {
  27   1         static uchar wei;
  28   1        
  29   1        P0=0xFF;//清楚段码
  30   1        WE=1;
  31   1        P0=SMGwei[wei];
  32   1        WE=0;
  33   1        switch(wei)
  34   1          {case 0: DU=1;P0=SMGduan[i/100];DU=0;break;
  35   2           case 1: DU=1;P0=SMGduan[i%100/10];DU=0;break;
  36   2           case 2: DU=1;P0=SMGduan[i%10];DU=0;break;
  37   2        
  38   2        }
  39   1        wei++;
  40   1        if(wei==3)
  41   1        {wei=0;}
  42   1      }
  43          
  44          
  45          void timer0Init()
  46          {
  47   1        EA=1;
  48   1        ET0=1;//定时器0的中断允许位
  49   1        TR0 =1;//启动定时器0
  50   1        TMOD =0x01;
  51   1        TH0 = 0xed; 
  52   1        TL0 = 0xfe;//定时50ms
  53   1      
  54   1      }
C51 COMPILER V9.54   MAIN                                                                  02/09/2020 15:54:42 PAGE 2   

  55          
  56          void main()
  57          { timer0Init();  
  58   1        while(1);
  59   1        
  60   1      }
  61          
  62          void timer0() interrupt 1
  63          {
  64   1        TH0 = 0xed; 
  65   1        TL0 = 0xfe;//定时5ms
  66   1        mSec++;
  67   1        if(mSec == 200)
  68   1        {
  69   2           mSec =0;
  70   2          Sec++;
  71   2        }
  72   1        display(Sec); 
  73   1      }


MODULE INFORMATION:   STATIC OVERLAYABLE
   CODE SIZE        =    150    ----
   CONSTANT SIZE    =     19    ----
   XDATA SIZE       =   ----    ----
   PDATA SIZE       =   ----    ----
   DATA SIZE        =      3    ----
   IDATA SIZE       =   ----    ----
   BIT SIZE         =   ----    ----
END OF MODULE INFORMATION.


C51 COMPILATION COMPLETE.  0 WARNING(S),  0 ERROR(S)
